# JRE version: Java(TM) SE Runtime Environment (7.0_67-b01) (build 1.7.0_67-b01)
# Java VM: Java HotSpot(TM) Server VM (24.65-b04 mixed mode linux-x86 )
Heap
 PSYoungGen      total 233728K, used 58118K [0xa3500000, 0xb3500000, 0xb3500000)
  eden space 209408K, 17% used [0xa3500000,0xa587d380,0xb0180000)
  from space 24320K, 89% used [0xb1d40000,0xb3284728,0xb3500000)
  to   space 26368K, 0% used [0xb0180000,0xb0180000,0xb1b40000)
 ParOldGen       total 81152K, used 61276K [0x83500000, 0x88440000, 0xa3500000)
  object space 81152K, 75% used [0x83500000,0x870d7358,0x88440000)
 PSPermGen       total 46592K, used 29863K [0x73500000, 0x76280000, 0x83500000)
  object space 46592K, 64% used [0x73500000,0x75229e38,0x76280000)
GC Heap History (10 events):
Event: 37,178 GC heap before
{Heap before GC invocations=19 (full 1):
 PSYoungGen      total 225024K, used 224838K [0xa3500000, 0xb3200000, 0xb3500000)
  eden space 214528K, 100% used [0xa3500000,0xb0680000,0xb0680000)
  from space 10496K, 98% used [0xb0680000,0xb1091a38,0xb10c0000)
  to   space 22272K, 0% used [0xb1c40000,0xb1c40000,0xb3200000)
 ParOldGen       total 81152K, used 52524K [0x83500000, 0x88440000, 0xa3500000)
  object space 81152K, 64% used [0x83500000,0x8684b100,0x88440000)
 PSPermGen       total 46592K, used 29489K [0x73500000, 0x76280000, 0x83500000)
  object space 46592K, 63% used [0x73500000,0x751cc6c0,0x76280000)
Event: 37,195 GC heap after
Heap after GC invocations=19 (full 1):
 PSYoungGen      total 237312K, used 8947K [0xa3500000, 0xb3500000, 0xb3500000)
  eden space 215040K, 0% used [0xa3500000,0xa3500000,0xb0700000)
  from space 22272K, 40% used [0xb1c40000,0xb24fcdb0,0xb3200000)
  to   space 21760K, 0% used [0xb0700000,0xb0700000,0xb1c40000)
 ParOldGen       total 81152K, used 52524K [0x83500000, 0x88440000, 0xa3500000)
  object space 81152K, 64% used [0x83500000,0x8684b100,0x88440000)
 PSPermGen       total 46592K, used 29489K [0x73500000, 0x76280000, 0x83500000)
  object space 46592K, 63% used [0x73500000,0x751cc6c0,0x76280000)
}
Event: 38,218 GC heap before
{Heap before GC invocations=20 (full 1):
 PSYoungGen      total 237312K, used 223987K [0xa3500000, 0xb3500000, 0xb3500000)
  eden space 215040K, 100% used [0xa3500000,0xb0700000,0xb0700000)
  from space 22272K, 40% used [0xb1c40000,0xb24fcdb0,0xb3200000)
  to   space 21760K, 0% used [0xb0700000,0xb0700000,0xb1c40000)
 ParOldGen       total 81152K, used 52524K [0x83500000, 0x88440000, 0xa3500000)
  object space 81152K, 64% used [0x83500000,0x8684b100,0x88440000)
 PSPermGen       total 46592K, used 29524K [0x73500000, 0x76280000, 0x83500000)
  object space 46592K, 63% used [0x73500000,0x751d5120,0x76280000)
Event: 38,238 GC heap after
Heap after GC invocations=20 (full 1):
 PSYoungGen      total 236800K, used 12706K [0xa3500000, 0xb3380000, 0xb3500000)
  eden space 215040K, 0% used [0xa3500000,0xa3500000,0xb0700000)
  from space 21760K, 58% used [0xb0700000,0xb1368a70,0xb1c40000)
  to   space 21248K, 0% used [0xb1ec0000,0xb1ec0000,0xb3380000)
 ParOldGen       total 81152K, used 52524K [0x83500000, 0x88440000, 0xa3500000)
  object space 81152K, 64% used [0x83500000,0x8684b100,0x88440000)
 PSPermGen       total 46592K, used 29524K [0x73500000, 0x76280000, 0x83500000)
  object space 46592K, 63% used [0x73500000,0x751d5120,0x76280000)
}
Event: 39,024 GC heap before
{Heap before GC invocations=21 (full 1):
 PSYoungGen      total 236800K, used 227746K [0xa3500000, 0xb3380000, 0xb3500000)
  eden space 215040K, 100% used [0xa3500000,0xb0700000,0xb0700000)
  from space 21760K, 58% used [0xb0700000,0xb1368a70,0xb1c40000)
  to   space 21248K, 0% used [0xb1ec0000,0xb1ec0000,0xb3380000)
 ParOldGen       total 81152K, used 52524K [0x83500000, 0x88440000, 0xa3500000)
  object space 81152K, 64% used [0x83500000,0x8684b100,0x88440000)
 PSPermGen       total 46592K, used 29552K [0x73500000, 0x76280000, 0x83500000)
  object space 46592K, 63% used [0x73500000,0x751dc290,0x76280000)
Event: 39,050 GC heap after
Heap after GC invocations=21 (full 1):
 PSYoungGen      total 234240K, used 21245K [0xa3500000, 0xb3500000, 0xb3500000)
  eden space 212992K, 0% used [0xa3500000,0xa3500000,0xb0500000)
  from space 21248K, 99% used [0xb1ec0000,0xb337f7f8,0xb3380000)
  to   space 24576K, 0% used [0xb0500000,0xb0500000,0xb1d00000)
 ParOldGen       total 81152K, used 54360K [0x83500000, 0x88440000, 0xa3500000)
  object space 81152K, 66% used [0x83500000,0x86a16100,0x88440000)
 PSPermGen       total 46592K, used 29552K [0x73500000, 0x76280000, 0x83500000)
  object space 46592K, 63% used [0x73500000,0x751dc290,0x76280000)
}
Event: 40,068 GC heap before
{Heap before GC invocations=22 (full 1):
 PSYoungGen      total 234240K, used 234237K [0xa3500000, 0xb3500000, 0xb3500000)
  eden space 212992K, 100% used [0xa3500000,0xb0500000,0xb0500000)
  from space 21248K, 99% used [0xb1ec0000,0xb337f7f8,0xb3380000)
  to   space 24576K, 0% used [0xb0500000,0xb0500000,0xb1d00000)
 ParOldGen       total 81152K, used 54360K [0x83500000, 0x88440000, 0xa3500000)
  object space 81152K, 66% used [0x83500000,0x86a16100,0x88440000)
 PSPermGen       total 46592K, used 29669K [0x73500000, 0x76280000, 0x83500000)
  object space 46592K, 63% used [0x73500000,0x751f94b0,0x76280000)
Event: 40,098 GC heap after
Heap after GC invocations=22 (full 1):
 PSYoungGen      total 237568K, used 15103K [0xa3500000, 0xb3500000, 0xb3500000)
  eden space 212992K, 0% used [0xa3500000,0xa3500000,0xb0500000)
  from space 24576K, 61% used [0xb0500000,0xb13bfd58,0xb1d00000)
  to   space 24320K, 0% used [0xb1d40000,0xb1d40000,0xb3500000)
 ParOldGen       total 81152K, used 60676K [0x83500000, 0x88440000, 0xa3500000)
  object space 81152K, 74% used [0x83500000,0x87041358,0x88440000)
 PSPermGen       total 46592K, used 29669K [0x73500000, 0x76280000, 0x83500000)
  object space 46592K, 63% used [0x73500000,0x751f94b0,0x76280000)
}
Event: 48,023 GC heap before
{Heap before GC invocations=23 (full 1):
 PSYoungGen      total 237568K, used 228095K [0xa3500000, 0xb3500000, 0xb3500000)
  eden space 212992K, 100% used [0xa3500000,0xb0500000,0xb0500000)
  from space 24576K, 61% used [0xb0500000,0xb13bfd58,0xb1d00000)
  to   space 24320K, 0% used [0xb1d40000,0xb1d40000,0xb3500000)
 ParOldGen       total 81152K, used 60676K [0x83500000, 0x88440000, 0xa3500000)
  object space 81152K, 74% used [0x83500000,0x87041358,0x88440000)
 PSPermGen       total 46592K, used 29837K [0x73500000, 0x76280000, 0x83500000)
  object space 46592K, 64% used [0x73500000,0x75223548,0x76280000)
Event: 48,054 GC heap after
Heap after GC invocations=23 (full 1):
 PSYoungGen      total 233728K, used 21777K [0xa3500000, 0xb3500000, 0xb3500000)
  eden space 209408K, 0% used [0xa3500000,0xa3500000,0xb0180000)
  from space 24320K, 89% used [0xb1d40000,0xb3284728,0xb3500000)
  to   space 26368K, 0% used [0xb0180000,0xb0180000,0xb1b40000)
 ParOldGen       total 81152K, used 61276K [0x83500000, 0x88440000, 0xa3500000)
  object space 81152K, 75% used [0x83500000,0x870d7358,0x88440000)
 PSPermGen       total 46592K, used 29837K [0x73500000, 0x76280000, 0x83500000)
  object space 46592K, 64% used [0x73500000,0x75223548,0x76280000)
}

